{"/Users/raphaelgab-momoh/Lab1/lab1-project/app.js": {"path":"/Users/raphaelgab-momoh/Lab1/lab1-project/app.js","statementMap":{"0":{"start":{"line":1,"column":13},"end":{"line":1,"column":28}},"1":{"start":{"line":2,"column":12},"end":{"line":2,"column":26}},"2":{"start":{"line":3,"column":13},"end":{"line":3,"column":37}},"3":{"start":{"line":4,"column":20},"end":{"line":4,"column":57}},"4":{"start":{"line":6,"column":19},"end":{"line":6,"column":20}},"5":{"start":{"line":7,"column":18},"end":{"line":7,"column":28}},"6":{"start":{"line":10,"column":15},"end":{"line":126,"column":2}},"7":{"start":{"line":11,"column":2},"end":{"line":11,"column":17}},"8":{"start":{"line":12,"column":20},"end":{"line":12,"column":44}},"9":{"start":{"line":13,"column":23},"end":{"line":13,"column":47}},"10":{"start":{"line":15,"column":2},"end":{"line":15,"column":102}},"11":{"start":{"line":18,"column":2},"end":{"line":18,"column":52}},"12":{"start":{"line":19,"column":2},"end":{"line":19,"column":74}},"13":{"start":{"line":20,"column":2},"end":{"line":20,"column":64}},"14":{"start":{"line":23,"column":2},"end":{"line":23,"column":53}},"15":{"start":{"line":24,"column":2},"end":{"line":24,"column":43}},"16":{"start":{"line":25,"column":2},"end":{"line":25,"column":53}},"17":{"start":{"line":28,"column":2},"end":{"line":125,"column":3}},"18":{"start":{"line":30,"column":6},"end":{"line":30,"column":27}},"19":{"start":{"line":31,"column":6},"end":{"line":31,"column":49}},"20":{"start":{"line":32,"column":6},"end":{"line":66,"column":9}},"21":{"start":{"line":67,"column":6},"end":{"line":67,"column":12}},"22":{"start":{"line":70,"column":6},"end":{"line":70,"column":27}},"23":{"start":{"line":71,"column":6},"end":{"line":71,"column":56}},"24":{"start":{"line":72,"column":6},"end":{"line":80,"column":19}},"25":{"start":{"line":81,"column":6},"end":{"line":81,"column":12}},"26":{"start":{"line":84,"column":6},"end":{"line":84,"column":27}},"27":{"start":{"line":85,"column":6},"end":{"line":85,"column":56}},"28":{"start":{"line":86,"column":6},"end":{"line":94,"column":19}},"29":{"start":{"line":95,"column":6},"end":{"line":95,"column":12}},"30":{"start":{"line":98,"column":6},"end":{"line":98,"column":27}},"31":{"start":{"line":99,"column":6},"end":{"line":99,"column":50}},"32":{"start":{"line":100,"column":6},"end":{"line":114,"column":3}},"33":{"start":{"line":115,"column":6},"end":{"line":115,"column":12}},"34":{"start":{"line":118,"column":6},"end":{"line":118,"column":27}},"35":{"start":{"line":119,"column":6},"end":{"line":119,"column":56}},"36":{"start":{"line":120,"column":6},"end":{"line":124,"column":19}},"37":{"start":{"line":129,"column":0},"end":{"line":135,"column":3}},"38":{"start":{"line":130,"column":2},"end":{"line":130,"column":60}},"39":{"start":{"line":131,"column":2},"end":{"line":134,"column":5}},"40":{"start":{"line":132,"column":4},"end":{"line":132,"column":33}},"41":{"start":{"line":133,"column":4},"end":{"line":133,"column":20}},"42":{"start":{"line":137,"column":0},"end":{"line":143,"column":3}},"43":{"start":{"line":138,"column":2},"end":{"line":138,"column":59}},"44":{"start":{"line":139,"column":2},"end":{"line":142,"column":5}},"45":{"start":{"line":140,"column":4},"end":{"line":140,"column":33}},"46":{"start":{"line":141,"column":4},"end":{"line":141,"column":20}},"47":{"start":{"line":146,"column":0},"end":{"line":150,"column":3}},"48":{"start":{"line":147,"column":2},"end":{"line":147,"column":64}},"49":{"start":{"line":148,"column":2},"end":{"line":148,"column":45}},"50":{"start":{"line":149,"column":2},"end":{"line":149,"column":53}},"51":{"start":{"line":153,"column":0},"end":{"line":153,"column":24}}},"fnMap":{"0":{"name":"(anonymous_0)","decl":{"start":{"line":10,"column":33},"end":{"line":10,"column":34}},"loc":{"start":{"line":10,"column":47},"end":{"line":126,"column":1}},"line":10},"1":{"name":"(anonymous_1)","decl":{"start":{"line":129,"column":22},"end":{"line":129,"column":23}},"loc":{"start":{"line":129,"column":28},"end":{"line":135,"column":1}},"line":129},"2":{"name":"(anonymous_2)","decl":{"start":{"line":131,"column":15},"end":{"line":131,"column":16}},"loc":{"start":{"line":131,"column":21},"end":{"line":134,"column":3}},"line":131},"3":{"name":"(anonymous_3)","decl":{"start":{"line":137,"column":21},"end":{"line":137,"column":22}},"loc":{"start":{"line":137,"column":27},"end":{"line":143,"column":1}},"line":137},"4":{"name":"(anonymous_4)","decl":{"start":{"line":139,"column":15},"end":{"line":139,"column":16}},"loc":{"start":{"line":139,"column":21},"end":{"line":142,"column":3}},"line":139},"5":{"name":"(anonymous_5)","decl":{"start":{"line":146,"column":20},"end":{"line":146,"column":21}},"loc":{"start":{"line":146,"column":26},"end":{"line":150,"column":1}},"line":146}},"branchMap":{"0":{"loc":{"start":{"line":3,"column":13},"end":{"line":3,"column":37}},"type":"binary-expr","locations":[{"start":{"line":3,"column":13},"end":{"line":3,"column":29}},{"start":{"line":3,"column":33},"end":{"line":3,"column":37}}],"line":3},"1":{"loc":{"start":{"line":4,"column":20},"end":{"line":4,"column":57}},"type":"binary-expr","locations":[{"start":{"line":4,"column":20},"end":{"line":4,"column":40}},{"start":{"line":4,"column":44},"end":{"line":4,"column":57}}],"line":4},"2":{"loc":{"start":{"line":15,"column":60},"end":{"line":15,"column":98}},"type":"binary-expr","locations":[{"start":{"line":15,"column":60},"end":{"line":15,"column":85}},{"start":{"line":15,"column":89},"end":{"line":15,"column":98}}],"line":15},"3":{"loc":{"start":{"line":28,"column":2},"end":{"line":125,"column":3}},"type":"switch","locations":[{"start":{"line":29,"column":4},"end":{"line":67,"column":12}},{"start":{"line":69,"column":4},"end":{"line":81,"column":12}},{"start":{"line":83,"column":4},"end":{"line":95,"column":12}},{"start":{"line":97,"column":4},"end":{"line":115,"column":12}},{"start":{"line":117,"column":4},"end":{"line":124,"column":19}}],"line":28}},"s":{"0":1,"1":1,"2":1,"3":1,"4":1,"5":1,"6":1,"7":5,"8":5,"9":5,"10":5,"11":5,"12":5,"13":5,"14":5,"15":5,"16":5,"17":5,"18":1,"19":1,"20":1,"21":1,"22":1,"23":1,"24":1,"25":1,"26":1,"27":1,"28":1,"29":1,"30":1,"31":1,"32":1,"33":1,"34":1,"35":1,"36":1,"37":1,"38":0,"39":0,"40":0,"41":0,"42":1,"43":0,"44":0,"45":0,"46":0,"47":1,"48":1,"49":1,"50":1,"51":1},"f":{"0":5,"1":0,"2":0,"3":0,"4":0,"5":1},"b":{"0":[1,1],"1":[1,0],"2":[5,5],"3":[1,1,1,1,1]},"_coverageSchema":"1a1c01bbd47fc00a2c39e90264f33305004495a9","hash":"6c9650e2cca6bfeb46a2dcc48ff19941815908d2"}
}
