TN:
SF:app.js
FN:10,(anonymous_0)
FN:129,(anonymous_1)
FN:131,(anonymous_2)
FN:137,(anonymous_3)
FN:139,(anonymous_4)
FN:146,(anonymous_5)
FNF:6
FNH:2
FNDA:5,(anonymous_0)
FNDA:0,(anonymous_1)
FNDA:0,(anonymous_2)
FNDA:0,(anonymous_3)
FNDA:0,(anonymous_4)
FNDA:1,(anonymous_5)
DA:1,1
DA:2,1
DA:3,1
DA:4,1
DA:6,1
DA:7,1
DA:10,1
DA:11,5
DA:12,5
DA:13,5
DA:15,5
DA:18,5
DA:19,5
DA:20,5
DA:23,5
DA:24,5
DA:25,5
DA:28,5
DA:30,1
DA:31,1
DA:32,1
DA:67,1
DA:70,1
DA:71,1
DA:72,1
DA:81,1
DA:84,1
DA:85,1
DA:86,1
DA:95,1
DA:98,1
DA:99,1
DA:100,1
DA:115,1
DA:118,1
DA:119,1
DA:120,1
DA:129,1
DA:130,0
DA:131,0
DA:132,0
DA:133,0
DA:137,1
DA:138,0
DA:139,0
DA:140,0
DA:141,0
DA:146,1
DA:147,1
DA:148,1
DA:149,1
DA:153,1
LF:52
LH:44
BRDA:3,0,0,1
BRDA:3,0,1,1
BRDA:4,1,0,1
BRDA:4,1,1,0
BRDA:15,2,0,5
BRDA:15,2,1,5
BRDA:28,3,0,1
BRDA:28,3,1,1
BRDA:28,3,2,1
BRDA:28,3,3,1
BRDA:28,3,4,1
BRF:11
BRH:10
end_of_record
